1241
Gainesville, FL
Athens GR
Nairobi, Kenya
India
NYC
London, UK
Toronto,Canada
Las Vegas, NV
india
Mumbai
University of Waterloo
Turin, Piedmont, Italy
Canada
Atlanta, Georgia
Bandung, Indonesia
Tokyo
Japan
Singapore
Republic of Korea
Austin, TX
Ahmedabad, Gujarat
None
Bellaterra, Spain
Bhubaneswar, India
Kanpur
Ottawa,ON
None
Boston, MA
None
Astoria, OR
Kraków, Poland
New York City
Chandigarh
Los Angeles, California
Buenos Aires, Argentina
None
None
Union City, NJ
Overland Park, KS
San Felipe Guanajuato, México
Gainesville, FL
Vienna, Austria
London, UK
Kozhikode
None
None
Hyderabad, Telangana, India
Florianópolis, Brazil
Canada
Santo Domingo, Republica Dominicana
None
Indore,India
new jersey
Gurgaon, India
India
None
Delhi
Chiang Mai, Thailand
Poland
None
API rate limit exceeded
False
